eeschema (2013-07-07 BZR 4022)-stable  >> Creation date: 10/19/2014 9:03:26 PM
#Cmp ( order = Reference )
| C1         10uF        
| C2         10uF        
| C3         22uF        
| C4         22uF        
| C5         10pF        
| C6         10pF        
| C7         0.1uF       
| C8         0.1uF       
| C9         0.01uF      
| C10        0.1uF       
| C11        0.1uF       
| C12        1.0uF       
| C13        0.01uF      
| C14        2.2uF       
| C15        0.1uF       
| C16        0.01uF      
| C17        1.0uF       
| C18        0.1uF       
| C19        0.1uF       
| C20        10uF        
| C21        10uF        
| C22        0.1uF       
| C23        0.1uF       
| C24        10uF        
| C25        10uF        
| C26        0.1uF       
| C27        0.1uF       
| C28        1uF         
| C29        0.1uF       
| D1         DIODE       
| D2         3.5V        
| D3         3.5V        
| D4         LED         
| D5         LED         
| D6         LED         
| F1         FUSE        
| J1         TIVA_JTAG_HEADER
| K1         CONN_3      
| K2         CONN_3      
| P1         CONN_6      
| P2         CONN_4      
| P3         CONN_2      
| P4         CONN_2      
| P5         CONN_4      
| P6         CONN_4      
| P7         CONN_4      
| P8         CONN_4      
| P9         CONN_4      
| P10        CONN_2      
| P11        CONN_2      
| P12        CONN_2      
| P13        CONN_2      
| R1         R           
| R2         R           
| R3         R           
| R4         R           
| R5         R           
| R6         0R          
| R7         10k         
| R8         100k        
| R9         100k        
| R10        100k        
| R11        100k        
| R12        220         
| R13        47k         
| R14        220         
| R15        47k         
| R16        220         
| R17        47k         
| R18        1k          
| R19        1k          
| SW1        SW_PUSH     
| SW2        SPST        
| SW3        SW_PUSH     
| U1         TSL262R     
| U2         AL5802      
| U3         TSL262R     
| U4         TM4C123GH6PM
| U5         TB6612FNG   
| U6         TB6612FNG   
| U7         QRE1113GR   
| U8         QRE1113GR   
| U9         QRE1113GR   
| U10        MMA8653FC   
| VR1        AP1117      
| VR2        AP1117      
| X1         QUARTZCMS4  
#End Cmp

#Cmp ( order = Value )
| 10pF         C5        
| 10pF         C6        
| 0.01uF       C9        
| 0.01uF       C13       
| 0.01uF       C16       
| 0.1uF        C7        
| 0.1uF        C8        
| 0.1uF        C10       
| 0.1uF        C11       
| 0.1uF        C15       
| 0.1uF        C18       
| 0.1uF        C22       
| 0.1uF        C19       
| 0.1uF        C23       
| 0.1uF        C26       
| 0.1uF        C27       
| 0.1uF        C29       
| 1.0uF        C12       
| 1.0uF        C17       
| 1uF          C28       
| 2.2uF        C14       
| 10uF         C1        
| 10uF         C2        
| 10uF         C20       
| 10uF         C24       
| 10uF         C21       
| 10uF         C25       
| 22uF         C3        
| 22uF         C4        
| 3.5V         D2        
| 3.5V         D3        
| DIODE        D1        
| LED          D4        
| LED          D5        
| LED          D6        
| FUSE         F1        
| TIVA_JTAG_HEADER J1        
| CONN_3       K1        
| CONN_3       K2        
| CONN_6       P1        
| CONN_4       P2        
| CONN_2       P3        
| CONN_2       P4        
| CONN_4       P5        
| CONN_4       P6        
| CONN_4       P7        
| CONN_4       P8        
| CONN_4       P9        
| CONN_2       P10       
| CONN_2       P12       
| CONN_2       P11       
| CONN_2       P13       
| 0R           R6        
| 220          R12       
| 220          R14       
| 220          R16       
| 1k           R18       
| 1k           R19       
| 10k          R7        
| 47k          R13       
| 47k          R15       
| 47k          R17       
| 100k         R8        
| 100k         R9        
| 100k         R10       
| 100k         R11       
| R            R1        
| R            R2        
| R            R3        
| R            R4        
| R            R5        
| SW_PUSH      SW1       
| SPST         SW2       
| SW_PUSH      SW3       
| TSL262R      U1        
| AL5802       U2        
| TSL262R      U3        
| TM4C123GH6PM U4        
| TB6612FNG    U5        
| TB6612FNG    U6        
| QRE1113GR    U7        
| QRE1113GR    U8        
| QRE1113GR    U9        
| MMA8653FC    U10       
| AP1117       VR1       
| AP1117       VR2       
| QUARTZCMS4   X1        
#End Cmp

#End List
